<?xml version="1.0" encoding="UTF-8"?>
<testsuite xmlns:xsi="http://www.w3.org/2001/XMLSchema-instance" xsi:noNamespaceSchemaLocation="https://maven.apache.org/surefire/maven-surefire-plugin/xsd/surefire-test-report.xsd" name="runner.RunCukesTest" time="3.637" tests="31" errors="0" skipped="0" failures="0">
  <properties>
    <property name="java.runtime.name" value="Java(TM) SE Runtime Environment"/>
    <property name="sun.boot.library.path" value="C:\Program Files\Java\jdk1.7.0_79\jre\bin"/>
    <property name="java.vm.version" value="24.79-b02"/>
    <property name="java.vm.vendor" value="Oracle Corporation"/>
    <property name="maven.multiModuleProjectDirectory" value="C:\Users\Ruchi\Desktop\rest new workspace\rest"/>
    <property name="java.vendor.url" value="http://java.oracle.com/"/>
    <property name="path.separator" value=";"/>
    <property name="guice.disable.misplaced.annotation.check" value="true"/>
    <property name="java.vm.name" value="Java HotSpot(TM) 64-Bit Server VM"/>
    <property name="file.encoding.pkg" value="sun.io"/>
    <property name="user.script" value=""/>
    <property name="user.country" value="US"/>
    <property name="sun.java.launcher" value="SUN_STANDARD"/>
    <property name="sun.os.patch.level" value=""/>
    <property name="java.vm.specification.name" value="Java Virtual Machine Specification"/>
    <property name="user.dir" value="C:\Users\Ruchi\Desktop\rest new workspace\rest"/>
    <property name="java.runtime.version" value="1.7.0_79-b15"/>
    <property name="java.awt.graphicsenv" value="sun.awt.Win32GraphicsEnvironment"/>
    <property name="java.endorsed.dirs" value="C:\Program Files\Java\jdk1.7.0_79\jre\lib\endorsed"/>
    <property name="os.arch" value="amd64"/>
    <property name="java.io.tmpdir" value="C:\Users\Ruchi\AppData\Local\Temp\"/>
    <property name="line.separator" value="&#10;"/>
    <property name="java.vm.specification.vendor" value="Oracle Corporation"/>
    <property name="user.variant" value=""/>
    <property name="os.name" value="Windows 8.1"/>
    <property name="maven.ext.class.path" value="/C:/softwares/sts-bundle/sts-3.7.1.RELEASE/configuration/org.eclipse.osgi/24/0/.cp/;/C:/softwares/sts-bundle/sts-3.7.1.RELEASE/configuration/org.eclipse.osgi/11/0/.cp/"/>
    <property name="classworlds.conf" value="C:\Users\Ruchi\Desktop\rest new workspace\.metadata\.plugins\org.eclipse.m2e.launching\launches\m2conf1419876178286076931.tmp"/>
    <property name="sun.jnu.encoding" value="Cp1252"/>
    <property name="java.library.path" value="C:\Program Files\Java\jdk1.7.0_79\jre\bin;C:\Windows\Sun\Java\bin;C:\Windows\system32;C:\Windows;C:/Program Files/Java/jre1.8.0_91/bin/server;C:/Program Files/Java/jre1.8.0_91/bin;C:/Program Files/Java/jre1.8.0_91/lib/amd64;C:\ProgramData\Oracle\Java\javapath;C:\Program Files\Java\jdk1.7.0_79\bin;C:\Windows\system32;C:\Windows;C:\Windows\System32\Wbem;C:\Windows\System32\WindowsPowerShell\v1.0\;C:\Users\Ruchi\Downloads\apache-maven-3.3.3-bin\apache-maven-3.3.3\bin;C:\Python\Scripts\pip3.5.exe;C:\Program Files (x86)\Microsoft SQL Server\Client SDK\ODBC\130\Tools\Binn\;C:\Program Files (x86)\Microsoft SQL Server\130\Tools\Binn\;C:\Program Files (x86)\Microsoft SQL Server\130\DTS\Binn\;C:\Program Files (x86)\Microsoft SQL Server\130\Tools\Binn\ManagementStudio\;C:\Program Files (x86)\Symantec\VIP Access Client\;C:\Program Files\nodejs\;C:\Program Files\Java\jdk1.7.0_79\bin;C:\Windows\system32;C:\Windows;C:\Windows\System32\Wbem;C:\Windows\System32\WindowsPowerShell\v1.0\;C:\Users\Ruchi\AppData\Roaming\npm;C:\softwares\sts-bundle\sts-3.7.1.RELEASE;;."/>
    <property name="java.specification.name" value="Java Platform API Specification"/>
    <property name="java.class.version" value="51.0"/>
    <property name="sun.management.compiler" value="HotSpot 64-Bit Tiered Compilers"/>
    <property name="os.version" value="6.3"/>
    <property name="user.home" value="C:\Users\Ruchi"/>
    <property name="user.timezone" value="America/Chicago"/>
    <property name="java.awt.printerjob" value="sun.awt.windows.WPrinterJob"/>
    <property name="java.specification.version" value="1.7"/>
    <property name="file.encoding" value="Cp1252"/>
    <property name="m2e.buildListener.launchId" value="cda0bed7-daf9-470e-a013-1719a73350a7"/>
    <property name="user.name" value="Ruchi"/>
    <property name="java.class.path" value="/C:/softwares/sts-bundle/sts-3.7.1.RELEASE/plugins/org.eclipse.m2e.maven.runtime_1.6.2.20150902-0001/jars/plexus-classworlds-2.5.2.jar"/>
    <property name="java.vm.specification.version" value="1.7"/>
    <property name="sun.arch.data.model" value="64"/>
    <property name="java.home" value="C:\Program Files\Java\jdk1.7.0_79\jre"/>
    <property name="sun.java.command" value="org.codehaus.plexus.classworlds.launcher.Launcher -B clean test"/>
    <property name="java.specification.vendor" value="Oracle Corporation"/>
    <property name="user.language" value="en"/>
    <property name="awt.toolkit" value="sun.awt.windows.WToolkit"/>
    <property name="java.vm.info" value="mixed mode"/>
    <property name="java.version" value="1.7.0_79"/>
    <property name="java.ext.dirs" value="C:\Program Files\Java\jdk1.7.0_79\jre\lib\ext;C:\Windows\Sun\Java\lib\ext"/>
    <property name="sun.boot.class.path" value="C:\Program Files\Java\jdk1.7.0_79\jre\lib\resources.jar;C:\Program Files\Java\jdk1.7.0_79\jre\lib\rt.jar;C:\Program Files\Java\jdk1.7.0_79\jre\lib\sunrsasign.jar;C:\Program Files\Java\jdk1.7.0_79\jre\lib\jsse.jar;C:\Program Files\Java\jdk1.7.0_79\jre\lib\jce.jar;C:\Program Files\Java\jdk1.7.0_79\jre\lib\charsets.jar;C:\Program Files\Java\jdk1.7.0_79\jre\lib\jfr.jar;C:\Program Files\Java\jdk1.7.0_79\jre\classes"/>
    <property name="java.vendor" value="Oracle Corporation"/>
    <property name="maven.home" value="C:\Users\Ruchi\Desktop\rest new workspace\rest\EMBEDDED"/>
    <property name="file.separator" value="\"/>
    <property name="java.vendor.url.bug" value="http://bugreport.sun.com/bugreport/"/>
    <property name="sun.cpu.endian" value="little"/>
    <property name="sun.io.unicode.encoding" value="UnicodeLittle"/>
    <property name="m2e.buildListener.port" value="56259"/>
    <property name="sun.desktop" value="windows"/>
    <property name="sun.cpu.isalist" value="amd64"/>
  </properties>
  <testcase name="Given I am able to hit the local service with &apos;posts&apos; for get" classname="| posts | 200 |" time="0"/>
  <testcase name="When I process the request" classname="| posts | 200 |" time="0"/>
  <testcase name="Then I get the correct &apos;200&apos;" classname="| posts | 200 |" time="0"/>
  <testcase name="| posts | 200 |" classname="| posts | 200 |" time="0"/>
  <testcase name="Given I am able to hit the local service with &apos;comments&apos; for get" classname="| comments | 200 |" time="0"/>
  <testcase name="When I process the request" classname="| comments | 200 |" time="0"/>
  <testcase name="Then I get the correct &apos;200&apos;" classname="| comments | 200 |" time="0"/>
  <testcase name="| comments | 200 |" classname="| comments | 200 |" time="0"/>
  <testcase name="Given I am able to hit the local service with &apos;profile&apos; for get" classname="| profile | 200 |" time="0"/>
  <testcase name="When I process the request" classname="| profile | 200 |" time="0"/>
  <testcase name="Then I get the correct &apos;200&apos;" classname="| profile | 200 |" time="0"/>
  <testcase name="| profile | 200 |" classname="| profile | 200 |" time="0"/>
  <testcase name="Given I create proper put request with &apos;2&apos; and &apos;modified by put&apos; and &apos;2&apos;" classname="| 2 | modified by put | 2 |" time="0"/>
  <testcase name="When I hit the service with proper url and put operation with &apos;2&apos;" classname="| 2 | modified by put | 2 |" time="0"/>
  <testcase name="Then I verify correct &apos;2&apos; and &apos;modified by put&apos;" classname="| 2 | modified by put | 2 |" time="0"/>
  <testcase name="| 2 | modified by put | 2 |" classname="| 2 | modified by put | 2 |" time="0"/>
  <testcase name="Given I create proper patch request with &apos;modified by patch&apos; and &apos;3&apos;" classname="| 3 | modified by patch | 3 |" time="0"/>
  <testcase name="When I hit the service with proper url and patch operation for &apos;3&apos;" classname="| 3 | modified by patch | 3 |" time="0"/>
  <testcase name="Then I verify correct &apos;3&apos; and &apos;modified by patch&apos; after patch operation" classname="| 3 | modified by patch | 3 |" time="0"/>
  <testcase name="| 3 | modified by patch | 3 |" classname="| 3 | modified by patch | 3 |" time="0"/>
  <testcase name="When I hit the service with proper url and delete operation with &apos;1&apos;" classname="| 1 |" time="0"/>
  <testcase name="Then I verify the operation is successful for &apos;1&apos;" classname="| 1 |" time="0"/>
  <testcase name="| 1 |" classname="| 1 |" time="0"/>
  <testcase name="Given I am able to hit the local service with &apos;posts&apos; for post" classname="| posts | 4 | fourth post | deloitte |" time="0"/>
  <testcase name="When I produce correct request for post with &apos;4&apos; and &apos;fourth post&apos; and &apos;deloitte&apos;" classname="| posts | 4 | fourth post | deloitte |" time="0"/>
  <testcase name="Then I get proper response with &apos;4&apos; and &apos;fourth post&apos; and &apos;deloitte&apos;" classname="| posts | 4 | fourth post | deloitte |" time="0"/>
  <testcase name="| posts | 4 | fourth post | deloitte |" classname="| posts | 4 | fourth post | deloitte |" time="0"/>
  <testcase name="Given I am able to hit the local service with &apos;posts&apos; for post" classname="| posts | 5 | fifth post | florida |" time="0"/>
  <testcase name="When I produce correct request for post with &apos;5&apos; and &apos;fifth post&apos; and &apos;florida&apos;" classname="| posts | 5 | fifth post | florida |" time="0"/>
  <testcase name="Then I get proper response with &apos;5&apos; and &apos;fifth post&apos; and &apos;florida&apos;" classname="| posts | 5 | fifth post | florida |" time="0"/>
  <testcase name="| posts | 5 | fifth post | florida |" classname="| posts | 5 | fifth post | florida |" time="0"/>
</testsuite>